<?xml version="1.0" encoding="UTF-8" ?>
<testsuites>
  <testsuite errors="21" failures="0" hostname="CCONYC18QAD" id="0" name="RunDailyTest" package="com.iheart.junit.web_sanity" skipped="0" tests="21" time="19171.522" timestamp="2015-07-23T19:00:05">
      <properties>
[...]
</properties>

      <testcase classname="com.iheart.junit.web_sanity.RunDailyTest" name="testWEB_11783_logout" time="913.561">
          <error message="timeout: Timed out receiving message from renderer: 10.000&#xa;  (Session info: chrome=43.0.2357.134)&#xa;  (Driver info: chromedriver=2.14.313457 (3d645c400edf2e2c500566c9aa096063e707c9cf),platform=Windows NT 6.1 SP1 x86_64) (WARNING: The server did not provide any stacktrace information)&#xa;Command duration or timeout: 910.47 seconds&#xa;Build info: version: &apos;2.45.0&apos;, revision: &apos;5017cb8&apos;, time: &apos;2015-02-26 23:59:50&apos;&#xa;System info: host: &apos;CCONYC18QAD&apos;, ip: &apos;10.88.189.52&apos;, os.name: &apos;Windows 7&apos;, os.arch: &apos;amd64&apos;, os.version: &apos;6.1&apos;, java.version: &apos;1.8.0_40&apos;&#xa;Driver info: org.openqa.selenium.chrome.ChromeDriver&#xa;Capabilities [{applicationCacheEnabled=false, rotatable=false, mobileEmulationEnabled=false, chrome={userDataDir=C:\Users\1111128\AppData\Local\Temp\scoped_dir26740_27197}, takesHeapSnapshot=true, databaseEnabled=false, handlesAlerts=true, version=43.0.2357.134, platform=XP, browserConnectionEnabled=false, nativeEvents=true, acceptSslCerts=true, locationContextEnabled=true, webStorageEnabled=true, browserName=chrome, takesScreenshot=true, javascriptEnabled=true, cssSelectorsEnabled=true}]&#xa;Session ID: 73d3977eea85b3f635c941204c603409" type="org.openqa.selenium.TimeoutException">org.openqa.selenium.TimeoutException: timeout: Timed out receiving message from renderer: 10.000
  (Session info: chrome=43.0.2357.134)
  (Driver info: chromedriver=2.14.313457 (3d645c400edf2e2c500566c9aa096063e707c9cf),platform=Windows NT 6.1 SP1 x86_64) (WARNING: The server did not provide any stacktrace information)
Command duration or timeout: 910.47 seconds
Build info: version: &apos;2.45.0&apos;, revision: &apos;5017cb8&apos;, time: &apos;2015-02-26 23:59:50&apos;
System info: host: &apos;CCONYC18QAD&apos;, ip: &apos;10.88.189.52&apos;, os.name: &apos;Windows 7&apos;, os.arch: &apos;amd64&apos;, os.version: &apos;6.1&apos;, java.version: &apos;1.8.0_40&apos;
Driver info: org.openqa.selenium.chrome.ChromeDriver
Capabilities [{applicationCacheEnabled=false, rotatable=false, mobileEmulationEnabled=false, chrome={userDataDir=C:\Users\1111128\AppData\Local\Temp\scoped_dir26740_27197}, takesHeapSnapshot=true, databaseEnabled=false, handlesAlerts=true, version=43.0.2357.134, platform=XP, browserConnectionEnabled=false, nativeEvents=true, acceptSslCerts=true, locationContextEnabled=true, webStorageEnabled=true, browserName=chrome, takesScreenshot=true, javascriptEnabled=true, cssSelectorsEnabled=true}]
Session ID: 73d3977eea85b3f635c941204c603409
	at java.lang.reflect.Constructor.newInstance(Constructor.java:422)
	at org.openqa.selenium.remote.ErrorHandler.createThrowable(ErrorHandler.java:204)
	at org.openqa.selenium.remote.ErrorHandler.throwIfResponseFailed(ErrorHandler.java:156)
	at org.openqa.selenium.remote.RemoteWebDriver.execute(RemoteWebDriver.java:599)
	at org.openqa.selenium.remote.RemoteWebDriver.get(RemoteWebDriver.java:304)
	at com.iheart.selenium.web_sanity.Utils.launchBrowser(Utils.java:273)
	at com.iheart.junit.web_sanity.RunDailyTest.init(RunDailyTest.java:46)
</error>

      </testcase>

      <testcase classname="com.iheart.junit.web_sanity.RunDailyTest" name="testWEB_11744_filterStation" time="912.002">
          <error message="timeout: Timed out receiving message from renderer: 10.000&#xa;  (Session info: chrome=43.0.2357.134)&#xa;  (Driver info: chromedriver=2.14.313457 (3d645c400edf2e2c500566c9aa096063e707c9cf),platform=Windows NT 6.1 SP1 x86_64) (WARNING: The server did not provide any stacktrace information)&#xa;Command duration or timeout: 910.46 seconds&#xa;Build info: version: &apos;2.45.0&apos;, revision: &apos;5017cb8&apos;, time: &apos;2015-02-26 23:59:50&apos;&#xa;System info: host: &apos;CCONYC18QAD&apos;, ip: &apos;10.88.189.52&apos;, os.name: &apos;Windows 7&apos;, os.arch: &apos;amd64&apos;, os.version: &apos;6.1&apos;, java.version: &apos;1.8.0_40&apos;&#xa;Driver info: org.openqa.selenium.chrome.ChromeDriver&#xa;Capabilities [{applicationCacheEnabled=false, rotatable=false, mobileEmulationEnabled=false, chrome={userDataDir=C:\Users\1111128\AppData\Local\Temp\scoped_dir26064_8488}, takesHeapSnapshot=true, databaseEnabled=false, handlesAlerts=true, version=43.0.2357.134, platform=XP, browserConnectionEnabled=false, nativeEvents=true, acceptSslCerts=true, locationContextEnabled=true, webStorageEnabled=true, browserName=chrome, takesScreenshot=true, javascriptEnabled=true, cssSelectorsEnabled=true}]&#xa;Session ID: 3021d65478c29de7ca17848a50506a46" type="org.openqa.selenium.TimeoutException">org.openqa.selenium.TimeoutException: timeout: Timed out receiving message from renderer: 10.000
  (Session info: chrome=43.0.2357.134)
  (Driver info: chromedriver=2.14.313457 (3d645c400edf2e2c500566c9aa096063e707c9cf),platform=Windows NT 6.1 SP1 x86_64) (WARNING: The server did not provide any stacktrace information)
Command duration or timeout: 910.46 seconds
Build info: version: &apos;2.45.0&apos;, revision: &apos;5017cb8&apos;, time: &apos;2015-02-26 23:59:50&apos;
System info: host: &apos;CCONYC18QAD&apos;, ip: &apos;10.88.189.52&apos;, os.name: &apos;Windows 7&apos;, os.arch: &apos;amd64&apos;, os.version: &apos;6.1&apos;, java.version: &apos;1.8.0_40&apos;
Driver info: org.openqa.selenium.chrome.ChromeDriver
Capabilities [{applicationCacheEnabled=false, rotatable=false, mobileEmulationEnabled=false, chrome={userDataDir=C:\Users\1111128\AppData\Local\Temp\scoped_dir26064_8488}, takesHeapSnapshot=true, databaseEnabled=false, handlesAlerts=true, version=43.0.2357.134, platform=XP, browserConnectionEnabled=false, nativeEvents=true, acceptSslCerts=true, locationContextEnabled=true, webStorageEnabled=true, browserName=chrome, takesScreenshot=true, javascriptEnabled=true, cssSelectorsEnabled=true}]
Session ID: 3021d65478c29de7ca17848a50506a46
	at java.lang.reflect.Constructor.newInstance(Constructor.java:422)
	at org.openqa.selenium.remote.ErrorHandler.createThrowable(ErrorHandler.java:204)
	at org.openqa.selenium.remote.ErrorHandler.throwIfResponseFailed(ErrorHandler.java:156)
	at org.openqa.selenium.remote.RemoteWebDriver.execute(RemoteWebDriver.java:599)
	at org.openqa.selenium.remote.RemoteWebDriver.get(RemoteWebDriver.java:304)
	at com.iheart.selenium.web_sanity.Utils.launchBrowser(Utils.java:273)
	at com.iheart.junit.web_sanity.RunDailyTest.init(RunDailyTest.java:46)
</error>

      </testcase>

      <testcase classname="com.iheart.junit.web_sanity.RunDailyTest" name="testWEB_11739_loginWithGoog" time="912.462">
          <error message="timeout: Timed out receiving message from renderer: 10.000&#xa;  (Session info: chrome=43.0.2357.134)&#xa;  (Driver info: chromedriver=2.14.313457 (3d645c400edf2e2c500566c9aa096063e707c9cf),platform=Windows NT 6.1 SP1 x86_64) (WARNING: The server did not provide any stacktrace information)&#xa;Command duration or timeout: 910.47 seconds&#xa;Build info: version: &apos;2.45.0&apos;, revision: &apos;5017cb8&apos;, time: &apos;2015-02-26 23:59:50&apos;&#xa;System info: host: &apos;CCONYC18QAD&apos;, ip: &apos;10.88.189.52&apos;, os.name: &apos;Windows 7&apos;, os.arch: &apos;amd64&apos;, os.version: &apos;6.1&apos;, java.version: &apos;1.8.0_40&apos;&#xa;Driver info: org.openqa.selenium.chrome.ChromeDriver&#xa;Capabilities [{applicationCacheEnabled=false, rotatable=false, mobileEmulationEnabled=false, chrome={userDataDir=C:\Users\1111128\AppData\Local\Temp\scoped_dir9800_13163}, takesHeapSnapshot=true, databaseEnabled=false, handlesAlerts=true, version=43.0.2357.134, platform=XP, browserConnectionEnabled=false, nativeEvents=true, acceptSslCerts=true, locationContextEnabled=true, webStorageEnabled=true, browserName=chrome, takesScreenshot=true, javascriptEnabled=true, cssSelectorsEnabled=true}]&#xa;Session ID: 65cc45b8810e051171a0dc2a0a679a18" type="org.openqa.selenium.TimeoutException">org.openqa.selenium.TimeoutException: timeout: Timed out receiving message from renderer: 10.000
  (Session info: chrome=43.0.2357.134)
  (Driver info: chromedriver=2.14.313457 (3d645c400edf2e2c500566c9aa096063e707c9cf),platform=Windows NT 6.1 SP1 x86_64) (WARNING: The server did not provide any stacktrace information)
Command duration or timeout: 910.47 seconds
Build info: version: &apos;2.45.0&apos;, revision: &apos;5017cb8&apos;, time: &apos;2015-02-26 23:59:50&apos;
System info: host: &apos;CCONYC18QAD&apos;, ip: &apos;10.88.189.52&apos;, os.name: &apos;Windows 7&apos;, os.arch: &apos;amd64&apos;, os.version: &apos;6.1&apos;, java.version: &apos;1.8.0_40&apos;
Driver info: org.openqa.selenium.chrome.ChromeDriver
Capabilities [{applicationCacheEnabled=false, rotatable=false, mobileEmulationEnabled=false, chrome={userDataDir=C:\Users\1111128\AppData\Local\Temp\scoped_dir9800_13163}, takesHeapSnapshot=true, databaseEnabled=false, handlesAlerts=true, version=43.0.2357.134, platform=XP, browserConnectionEnabled=false, nativeEvents=true, acceptSslCerts=true, locationContextEnabled=true, webStorageEnabled=true, browserName=chrome, takesScreenshot=true, javascriptEnabled=true, cssSelectorsEnabled=true}]
Session ID: 65cc45b8810e051171a0dc2a0a679a18
	at java.lang.reflect.Constructor.newInstance(Constructor.java:422)
	at org.openqa.selenium.remote.ErrorHandler.createThrowable(ErrorHandler.java:204)
	at org.openqa.selenium.remote.ErrorHandler.throwIfResponseFailed(ErrorHandler.java:156)
	at org.openqa.selenium.remote.RemoteWebDriver.execute(RemoteWebDriver.java:599)
	at org.openqa.selenium.remote.RemoteWebDriver.get(RemoteWebDriver.java:304)
	at com.iheart.selenium.web_sanity.Utils.launchBrowser(Utils.java:273)
	at com.iheart.junit.web_sanity.RunDailyTest.init(RunDailyTest.java:46)
</error>

      </testcase>

      <testcase classname="com.iheart.junit.web_sanity.RunDailyTest" name="testWEB_11738_FACEBOOKsignUp" time="912.421">
          <error message="timeout: Timed out receiving message from renderer: 10.000&#xa;  (Session info: chrome=43.0.2357.134)&#xa;  (Driver info: chromedriver=2.14.313457 (3d645c400edf2e2c500566c9aa096063e707c9cf),platform=Windows NT 6.1 SP1 x86_64) (WARNING: The server did not provide any stacktrace information)&#xa;Command duration or timeout: 910.56 seconds&#xa;Build info: version: &apos;2.45.0&apos;, revision: &apos;5017cb8&apos;, time: &apos;2015-02-26 23:59:50&apos;&#xa;System info: host: &apos;CCONYC18QAD&apos;, ip: &apos;10.88.189.52&apos;, os.name: &apos;Windows 7&apos;, os.arch: &apos;amd64&apos;, os.version: &apos;6.1&apos;, java.version: &apos;1.8.0_40&apos;&#xa;Driver info: org.openqa.selenium.chrome.ChromeDriver&#xa;Capabilities [{applicationCacheEnabled=false, rotatable=false, mobileEmulationEnabled=false, chrome={userDataDir=C:\Users\1111128\AppData\Local\Temp\scoped_dir20768_19287}, takesHeapSnapshot=true, databaseEnabled=false, handlesAlerts=true, version=43.0.2357.134, platform=XP, browserConnectionEnabled=false, nativeEvents=true, acceptSslCerts=true, locationContextEnabled=true, webStorageEnabled=true, browserName=chrome, takesScreenshot=true, javascriptEnabled=true, cssSelectorsEnabled=true}]&#xa;Session ID: 2c1082545bea95c74eac9722aad028ef" type="org.openqa.selenium.TimeoutException">org.openqa.selenium.TimeoutException: timeout: Timed out receiving message from renderer: 10.000
  (Session info: chrome=43.0.2357.134)
  (Driver info: chromedriver=2.14.313457 (3d645c400edf2e2c500566c9aa096063e707c9cf),platform=Windows NT 6.1 SP1 x86_64) (WARNING: The server did not provide any stacktrace information)
Command duration or timeout: 910.56 seconds
Build info: version: &apos;2.45.0&apos;, revision: &apos;5017cb8&apos;, time: &apos;2015-02-26 23:59:50&apos;
System info: host: &apos;CCONYC18QAD&apos;, ip: &apos;10.88.189.52&apos;, os.name: &apos;Windows 7&apos;, os.arch: &apos;amd64&apos;, os.version: &apos;6.1&apos;, java.version: &apos;1.8.0_40&apos;
Driver info: org.openqa.selenium.chrome.ChromeDriver
Capabilities [{applicationCacheEnabled=false, rotatable=false, mobileEmulationEnabled=false, chrome={userDataDir=C:\Users\1111128\AppData\Local\Temp\scoped_dir20768_19287}, takesHeapSnapshot=true, databaseEnabled=false, handlesAlerts=true, version=43.0.2357.134, platform=XP, browserConnectionEnabled=false, nativeEvents=true, acceptSslCerts=true, locationContextEnabled=true, webStorageEnabled=true, browserName=chrome, takesScreenshot=true, javascriptEnabled=true, cssSelectorsEnabled=true}]
Session ID: 2c1082545bea95c74eac9722aad028ef
	at java.lang.reflect.Constructor.newInstance(Constructor.java:422)
	at org.openqa.selenium.remote.ErrorHandler.createThrowable(ErrorHandler.java:204)
	at org.openqa.selenium.remote.ErrorHandler.throwIfResponseFailed(ErrorHandler.java:156)
	at org.openqa.selenium.remote.RemoteWebDriver.execute(RemoteWebDriver.java:599)
	at org.openqa.selenium.remote.RemoteWebDriver.get(RemoteWebDriver.java:304)
	at com.iheart.selenium.web_sanity.Utils.launchBrowser(Utils.java:273)
	at com.iheart.junit.web_sanity.RunDailyTest.init(RunDailyTest.java:46)
</error>

      </testcase>

      <testcase classname="com.iheart.junit.web_sanity.RunDailyTest" name="testWEB_11754_thumpDownLiveRadio" time="912.871">
          <error message="timeout: Timed out receiving message from renderer: 10.000&#xa;  (Session info: chrome=43.0.2357.134)&#xa;  (Driver info: chromedriver=2.14.313457 (3d645c400edf2e2c500566c9aa096063e707c9cf),platform=Windows NT 6.1 SP1 x86_64) (WARNING: The server did not provide any stacktrace information)&#xa;Command duration or timeout: 910.54 seconds&#xa;Build info: version: &apos;2.45.0&apos;, revision: &apos;5017cb8&apos;, time: &apos;2015-02-26 23:59:50&apos;&#xa;System info: host: &apos;CCONYC18QAD&apos;, ip: &apos;10.88.189.52&apos;, os.name: &apos;Windows 7&apos;, os.arch: &apos;amd64&apos;, os.version: &apos;6.1&apos;, java.version: &apos;1.8.0_40&apos;&#xa;Driver info: org.openqa.selenium.chrome.ChromeDriver&#xa;Capabilities [{applicationCacheEnabled=false, rotatable=false, mobileEmulationEnabled=false, chrome={userDataDir=C:\Users\1111128\AppData\Local\Temp\scoped_dir26856_4319}, takesHeapSnapshot=true, databaseEnabled=false, handlesAlerts=true, version=43.0.2357.134, platform=XP, browserConnectionEnabled=false, nativeEvents=true, acceptSslCerts=true, locationContextEnabled=true, webStorageEnabled=true, browserName=chrome, takesScreenshot=true, javascriptEnabled=true, cssSelectorsEnabled=true}]&#xa;Session ID: d11b2340be0eed6f4ab087ecbce84e31" type="org.openqa.selenium.TimeoutException">org.openqa.selenium.TimeoutException: timeout: Timed out receiving message from renderer: 10.000
  (Session info: chrome=43.0.2357.134)
  (Driver info: chromedriver=2.14.313457 (3d645c400edf2e2c500566c9aa096063e707c9cf),platform=Windows NT 6.1 SP1 x86_64) (WARNING: The server did not provide any stacktrace information)
Command duration or timeout: 910.54 seconds
Build info: version: &apos;2.45.0&apos;, revision: &apos;5017cb8&apos;, time: &apos;2015-02-26 23:59:50&apos;
System info: host: &apos;CCONYC18QAD&apos;, ip: &apos;10.88.189.52&apos;, os.name: &apos;Windows 7&apos;, os.arch: &apos;amd64&apos;, os.version: &apos;6.1&apos;, java.version: &apos;1.8.0_40&apos;
Driver info: org.openqa.selenium.chrome.ChromeDriver
Capabilities [{applicationCacheEnabled=false, rotatable=false, mobileEmulationEnabled=false, chrome={userDataDir=C:\Users\1111128\AppData\Local\Temp\scoped_dir26856_4319}, takesHeapSnapshot=true, databaseEnabled=false, handlesAlerts=true, version=43.0.2357.134, platform=XP, browserConnectionEnabled=false, nativeEvents=true, acceptSslCerts=true, locationContextEnabled=true, webStorageEnabled=true, browserName=chrome, takesScreenshot=true, javascriptEnabled=true, cssSelectorsEnabled=true}]
Session ID: d11b2340be0eed6f4ab087ecbce84e31
	at java.lang.reflect.Constructor.newInstance(Constructor.java:422)
	at org.openqa.selenium.remote.ErrorHandler.createThrowable(ErrorHandler.java:204)
	at org.openqa.selenium.remote.ErrorHandler.throwIfResponseFailed(ErrorHandler.java:156)
	at org.openqa.selenium.remote.RemoteWebDriver.execute(RemoteWebDriver.java:599)
	at org.openqa.selenium.remote.RemoteWebDriver.get(RemoteWebDriver.java:304)
	at com.iheart.selenium.web_sanity.Utils.launchBrowser(Utils.java:273)
	at com.iheart.junit.web_sanity.RunDailyTest.init(RunDailyTest.java:46)
</error>

      </testcase>

      <testcase classname="com.iheart.junit.web_sanity.RunDailyTest" name="testWEB_11761_filterAndPlayCustomAfterLogin" time="913.984">
          <error message="timeout: Timed out receiving message from renderer: 10.000&#xa;  (Session info: chrome=43.0.2357.134)&#xa;  (Driver info: chromedriver=2.14.313457 (3d645c400edf2e2c500566c9aa096063e707c9cf),platform=Windows NT 6.1 SP1 x86_64) (WARNING: The server did not provide any stacktrace information)&#xa;Command duration or timeout: 910.76 seconds&#xa;Build info: version: &apos;2.45.0&apos;, revision: &apos;5017cb8&apos;, time: &apos;2015-02-26 23:59:50&apos;&#xa;System info: host: &apos;CCONYC18QAD&apos;, ip: &apos;10.88.189.52&apos;, os.name: &apos;Windows 7&apos;, os.arch: &apos;amd64&apos;, os.version: &apos;6.1&apos;, java.version: &apos;1.8.0_40&apos;&#xa;Driver info: org.openqa.selenium.chrome.ChromeDriver&#xa;Capabilities [{applicationCacheEnabled=false, rotatable=false, mobileEmulationEnabled=false, chrome={userDataDir=C:\Users\1111128\AppData\Local\Temp\scoped_dir27820_6108}, takesHeapSnapshot=true, databaseEnabled=false, handlesAlerts=true, version=43.0.2357.134, platform=XP, browserConnectionEnabled=false, nativeEvents=true, acceptSslCerts=true, locationContextEnabled=true, webStorageEnabled=true, browserName=chrome, takesScreenshot=true, javascriptEnabled=true, cssSelectorsEnabled=true}]&#xa;Session ID: 7eca70cc9742bf8b543f463592ab1dcb" type="org.openqa.selenium.TimeoutException">org.openqa.selenium.TimeoutException: timeout: Timed out receiving message from renderer: 10.000
  (Session info: chrome=43.0.2357.134)
  (Driver info: chromedriver=2.14.313457 (3d645c400edf2e2c500566c9aa096063e707c9cf),platform=Windows NT 6.1 SP1 x86_64) (WARNING: The server did not provide any stacktrace information)
Command duration or timeout: 910.76 seconds
Build info: version: &apos;2.45.0&apos;, revision: &apos;5017cb8&apos;, time: &apos;2015-02-26 23:59:50&apos;
System info: host: &apos;CCONYC18QAD&apos;, ip: &apos;10.88.189.52&apos;, os.name: &apos;Windows 7&apos;, os.arch: &apos;amd64&apos;, os.version: &apos;6.1&apos;, java.version: &apos;1.8.0_40&apos;
Driver info: org.openqa.selenium.chrome.ChromeDriver
Capabilities [{applicationCacheEnabled=false, rotatable=false, mobileEmulationEnabled=false, chrome={userDataDir=C:\Users\1111128\AppData\Local\Temp\scoped_dir27820_6108}, takesHeapSnapshot=true, databaseEnabled=false, handlesAlerts=true, version=43.0.2357.134, platform=XP, browserConnectionEnabled=false, nativeEvents=true, acceptSslCerts=true, locationContextEnabled=true, webStorageEnabled=true, browserName=chrome, takesScreenshot=true, javascriptEnabled=true, cssSelectorsEnabled=true}]
Session ID: 7eca70cc9742bf8b543f463592ab1dcb
	at java.lang.reflect.Constructor.newInstance(Constructor.java:422)
	at org.openqa.selenium.remote.ErrorHandler.createThrowable(ErrorHandler.java:204)
	at org.openqa.selenium.remote.ErrorHandler.throwIfResponseFailed(ErrorHandler.java:156)
	at org.openqa.selenium.remote.RemoteWebDriver.execute(RemoteWebDriver.java:599)
	at org.openqa.selenium.remote.RemoteWebDriver.get(RemoteWebDriver.java:304)
	at com.iheart.selenium.web_sanity.Utils.launchBrowser(Utils.java:273)
	at com.iheart.junit.web_sanity.RunDailyTest.init(RunDailyTest.java:46)
</error>

      </testcase>

      <testcase classname="com.iheart.junit.web_sanity.RunDailyTest" name="testWEB_11779_playStations" time="913.721">
          <error message="timeout: Timed out receiving message from renderer: 10.000&#xa;  (Session info: chrome=43.0.2357.134)&#xa;  (Driver info: chromedriver=2.14.313457 (3d645c400edf2e2c500566c9aa096063e707c9cf),platform=Windows NT 6.1 SP1 x86_64) (WARNING: The server did not provide any stacktrace information)&#xa;Command duration or timeout: 910.79 seconds&#xa;Build info: version: &apos;2.45.0&apos;, revision: &apos;5017cb8&apos;, time: &apos;2015-02-26 23:59:50&apos;&#xa;System info: host: &apos;CCONYC18QAD&apos;, ip: &apos;10.88.189.52&apos;, os.name: &apos;Windows 7&apos;, os.arch: &apos;amd64&apos;, os.version: &apos;6.1&apos;, java.version: &apos;1.8.0_40&apos;&#xa;Driver info: org.openqa.selenium.chrome.ChromeDriver&#xa;Capabilities [{applicationCacheEnabled=false, rotatable=false, mobileEmulationEnabled=false, chrome={userDataDir=C:\Users\1111128\AppData\Local\Temp\scoped_dir27612_1329}, takesHeapSnapshot=true, databaseEnabled=false, handlesAlerts=true, version=43.0.2357.134, platform=XP, browserConnectionEnabled=false, nativeEvents=true, acceptSslCerts=true, locationContextEnabled=true, webStorageEnabled=true, browserName=chrome, takesScreenshot=true, javascriptEnabled=true, cssSelectorsEnabled=true}]&#xa;Session ID: a5a5935a3567bfea625bdabd491a39bd" type="org.openqa.selenium.TimeoutException">org.openqa.selenium.TimeoutException: timeout: Timed out receiving message from renderer: 10.000
  (Session info: chrome=43.0.2357.134)
  (Driver info: chromedriver=2.14.313457 (3d645c400edf2e2c500566c9aa096063e707c9cf),platform=Windows NT 6.1 SP1 x86_64) (WARNING: The server did not provide any stacktrace information)
Command duration or timeout: 910.79 seconds
Build info: version: &apos;2.45.0&apos;, revision: &apos;5017cb8&apos;, time: &apos;2015-02-26 23:59:50&apos;
System info: host: &apos;CCONYC18QAD&apos;, ip: &apos;10.88.189.52&apos;, os.name: &apos;Windows 7&apos;, os.arch: &apos;amd64&apos;, os.version: &apos;6.1&apos;, java.version: &apos;1.8.0_40&apos;
Driver info: org.openqa.selenium.chrome.ChromeDriver
Capabilities [{applicationCacheEnabled=false, rotatable=false, mobileEmulationEnabled=false, chrome={userDataDir=C:\Users\1111128\AppData\Local\Temp\scoped_dir27612_1329}, takesHeapSnapshot=true, databaseEnabled=false, handlesAlerts=true, version=43.0.2357.134, platform=XP, browserConnectionEnabled=false, nativeEvents=true, acceptSslCerts=true, locationContextEnabled=true, webStorageEnabled=true, browserName=chrome, takesScreenshot=true, javascriptEnabled=true, cssSelectorsEnabled=true}]
Session ID: a5a5935a3567bfea625bdabd491a39bd
	at java.lang.reflect.Constructor.newInstance(Constructor.java:422)
	at org.openqa.selenium.remote.ErrorHandler.createThrowable(ErrorHandler.java:204)
	at org.openqa.selenium.remote.ErrorHandler.throwIfResponseFailed(ErrorHandler.java:156)
	at org.openqa.selenium.remote.RemoteWebDriver.execute(RemoteWebDriver.java:599)
	at org.openqa.selenium.remote.RemoteWebDriver.get(RemoteWebDriver.java:304)
	at com.iheart.selenium.web_sanity.Utils.launchBrowser(Utils.java:273)
	at com.iheart.junit.web_sanity.RunDailyTest.init(RunDailyTest.java:46)
</error>

      </testcase>

      <testcase classname="com.iheart.junit.web_sanity.RunDailyTest" name="testWEB_11734_startUp" time="913.169">
          <error message="timeout: Timed out receiving message from renderer: 10.000&#xa;  (Session info: chrome=43.0.2357.134)&#xa;  (Driver info: chromedriver=2.14.313457 (3d645c400edf2e2c500566c9aa096063e707c9cf),platform=Windows NT 6.1 SP1 x86_64) (WARNING: The server did not provide any stacktrace information)&#xa;Command duration or timeout: 910.65 seconds&#xa;Build info: version: &apos;2.45.0&apos;, revision: &apos;5017cb8&apos;, time: &apos;2015-02-26 23:59:50&apos;&#xa;System info: host: &apos;CCONYC18QAD&apos;, ip: &apos;10.88.189.52&apos;, os.name: &apos;Windows 7&apos;, os.arch: &apos;amd64&apos;, os.version: &apos;6.1&apos;, java.version: &apos;1.8.0_40&apos;&#xa;Driver info: org.openqa.selenium.chrome.ChromeDriver&#xa;Capabilities [{applicationCacheEnabled=false, rotatable=false, mobileEmulationEnabled=false, chrome={userDataDir=C:\Users\1111128\AppData\Local\Temp\scoped_dir25012_17514}, takesHeapSnapshot=true, databaseEnabled=false, handlesAlerts=true, version=43.0.2357.134, platform=XP, browserConnectionEnabled=false, nativeEvents=true, acceptSslCerts=true, locationContextEnabled=true, webStorageEnabled=true, browserName=chrome, takesScreenshot=true, javascriptEnabled=true, cssSelectorsEnabled=true}]&#xa;Session ID: 809838f068fe2eab6fa54eac8279827c" type="org.openqa.selenium.TimeoutException">org.openqa.selenium.TimeoutException: timeout: Timed out receiving message from renderer: 10.000
  (Session info: chrome=43.0.2357.134)
  (Driver info: chromedriver=2.14.313457 (3d645c400edf2e2c500566c9aa096063e707c9cf),platform=Windows NT 6.1 SP1 x86_64) (WARNING: The server did not provide any stacktrace information)
Command duration or timeout: 910.65 seconds
Build info: version: &apos;2.45.0&apos;, revision: &apos;5017cb8&apos;, time: &apos;2015-02-26 23:59:50&apos;
System info: host: &apos;CCONYC18QAD&apos;, ip: &apos;10.88.189.52&apos;, os.name: &apos;Windows 7&apos;, os.arch: &apos;amd64&apos;, os.version: &apos;6.1&apos;, java.version: &apos;1.8.0_40&apos;
Driver info: org.openqa.selenium.chrome.ChromeDriver
Capabilities [{applicationCacheEnabled=false, rotatable=false, mobileEmulationEnabled=false, chrome={userDataDir=C:\Users\1111128\AppData\Local\Temp\scoped_dir25012_17514}, takesHeapSnapshot=true, databaseEnabled=false, handlesAlerts=true, version=43.0.2357.134, platform=XP, browserConnectionEnabled=false, nativeEvents=true, acceptSslCerts=true, locationContextEnabled=true, webStorageEnabled=true, browserName=chrome, takesScreenshot=true, javascriptEnabled=true, cssSelectorsEnabled=true}]
Session ID: 809838f068fe2eab6fa54eac8279827c
	at java.lang.reflect.Constructor.newInstance(Constructor.java:422)
	at org.openqa.selenium.remote.ErrorHandler.createThrowable(ErrorHandler.java:204)
	at org.openqa.selenium.remote.ErrorHandler.throwIfResponseFailed(ErrorHandler.java:156)
	at org.openqa.selenium.remote.RemoteWebDriver.execute(RemoteWebDriver.java:599)
	at org.openqa.selenium.remote.RemoteWebDriver.get(RemoteWebDriver.java:304)
	at com.iheart.selenium.web_sanity.Utils.launchBrowser(Utils.java:273)
	at com.iheart.junit.web_sanity.RunDailyTest.init(RunDailyTest.java:46)
</error>

      </testcase>

      <testcase classname="com.iheart.junit.web_sanity.RunDailyTest" name="testWEB_11737_loginWithEmail" time="912.85">
          <error message="timeout: Timed out receiving message from renderer: 10.000&#xa;  (Session info: chrome=43.0.2357.134)&#xa;  (Driver info: chromedriver=2.14.313457 (3d645c400edf2e2c500566c9aa096063e707c9cf),platform=Windows NT 6.1 SP1 x86_64) (WARNING: The server did not provide any stacktrace information)&#xa;Command duration or timeout: 910.79 seconds&#xa;Build info: version: &apos;2.45.0&apos;, revision: &apos;5017cb8&apos;, time: &apos;2015-02-26 23:59:50&apos;&#xa;System info: host: &apos;CCONYC18QAD&apos;, ip: &apos;10.88.189.52&apos;, os.name: &apos;Windows 7&apos;, os.arch: &apos;amd64&apos;, os.version: &apos;6.1&apos;, java.version: &apos;1.8.0_40&apos;&#xa;Driver info: org.openqa.selenium.chrome.ChromeDriver&#xa;Capabilities [{applicationCacheEnabled=false, rotatable=false, mobileEmulationEnabled=false, chrome={userDataDir=C:\Users\1111128\AppData\Local\Temp\scoped_dir24120_198}, takesHeapSnapshot=true, databaseEnabled=false, handlesAlerts=true, version=43.0.2357.134, platform=XP, browserConnectionEnabled=false, nativeEvents=true, acceptSslCerts=true, locationContextEnabled=true, webStorageEnabled=true, browserName=chrome, takesScreenshot=true, javascriptEnabled=true, cssSelectorsEnabled=true}]&#xa;Session ID: affbc0c7aaf0661a9278c1751ed25ec7" type="org.openqa.selenium.TimeoutException">org.openqa.selenium.TimeoutException: timeout: Timed out receiving message from renderer: 10.000
  (Session info: chrome=43.0.2357.134)
  (Driver info: chromedriver=2.14.313457 (3d645c400edf2e2c500566c9aa096063e707c9cf),platform=Windows NT 6.1 SP1 x86_64) (WARNING: The server did not provide any stacktrace information)
Command duration or timeout: 910.79 seconds
Build info: version: &apos;2.45.0&apos;, revision: &apos;5017cb8&apos;, time: &apos;2015-02-26 23:59:50&apos;
System info: host: &apos;CCONYC18QAD&apos;, ip: &apos;10.88.189.52&apos;, os.name: &apos;Windows 7&apos;, os.arch: &apos;amd64&apos;, os.version: &apos;6.1&apos;, java.version: &apos;1.8.0_40&apos;
Driver info: org.openqa.selenium.chrome.ChromeDriver
Capabilities [{applicationCacheEnabled=false, rotatable=false, mobileEmulationEnabled=false, chrome={userDataDir=C:\Users\1111128\AppData\Local\Temp\scoped_dir24120_198}, takesHeapSnapshot=true, databaseEnabled=false, handlesAlerts=true, version=43.0.2357.134, platform=XP, browserConnectionEnabled=false, nativeEvents=true, acceptSslCerts=true, locationContextEnabled=true, webStorageEnabled=true, browserName=chrome, takesScreenshot=true, javascriptEnabled=true, cssSelectorsEnabled=true}]
Session ID: affbc0c7aaf0661a9278c1751ed25ec7
	at java.lang.reflect.Constructor.newInstance(Constructor.java:422)
	at org.openqa.selenium.remote.ErrorHandler.createThrowable(ErrorHandler.java:204)
	at org.openqa.selenium.remote.ErrorHandler.throwIfResponseFailed(ErrorHandler.java:156)
	at org.openqa.selenium.remote.RemoteWebDriver.execute(RemoteWebDriver.java:599)
	at org.openqa.selenium.remote.RemoteWebDriver.get(RemoteWebDriver.java:304)
	at com.iheart.selenium.web_sanity.Utils.launchBrowser(Utils.java:273)
	at com.iheart.junit.web_sanity.RunDailyTest.init(RunDailyTest.java:46)
</error>

      </testcase>

      <testcase classname="com.iheart.junit.web_sanity.RunDailyTest" name="testWEB_11782_friendPage" time="913.104">
          <error message="timeout: Timed out receiving message from renderer: 10.000&#xa;  (Session info: chrome=43.0.2357.134)&#xa;  (Driver info: chromedriver=2.14.313457 (3d645c400edf2e2c500566c9aa096063e707c9cf),platform=Windows NT 6.1 SP1 x86_64) (WARNING: The server did not provide any stacktrace information)&#xa;Command duration or timeout: 910.78 seconds&#xa;Build info: version: &apos;2.45.0&apos;, revision: &apos;5017cb8&apos;, time: &apos;2015-02-26 23:59:50&apos;&#xa;System info: host: &apos;CCONYC18QAD&apos;, ip: &apos;10.88.189.52&apos;, os.name: &apos;Windows 7&apos;, os.arch: &apos;amd64&apos;, os.version: &apos;6.1&apos;, java.version: &apos;1.8.0_40&apos;&#xa;Driver info: org.openqa.selenium.chrome.ChromeDriver&#xa;Capabilities [{applicationCacheEnabled=false, rotatable=false, mobileEmulationEnabled=false, chrome={userDataDir=C:\Users\1111128\AppData\Local\Temp\scoped_dir22832_23864}, takesHeapSnapshot=true, databaseEnabled=false, handlesAlerts=true, version=43.0.2357.134, platform=XP, browserConnectionEnabled=false, nativeEvents=true, acceptSslCerts=true, locationContextEnabled=true, webStorageEnabled=true, browserName=chrome, takesScreenshot=true, javascriptEnabled=true, cssSelectorsEnabled=true}]&#xa;Session ID: a7f7b2a66d7b4a251f59bedcdc9a781f" type="org.openqa.selenium.TimeoutException">org.openqa.selenium.TimeoutException: timeout: Timed out receiving message from renderer: 10.000
  (Session info: chrome=43.0.2357.134)
  (Driver info: chromedriver=2.14.313457 (3d645c400edf2e2c500566c9aa096063e707c9cf),platform=Windows NT 6.1 SP1 x86_64) (WARNING: The server did not provide any stacktrace information)
Command duration or timeout: 910.78 seconds
Build info: version: &apos;2.45.0&apos;, revision: &apos;5017cb8&apos;, time: &apos;2015-02-26 23:59:50&apos;
System info: host: &apos;CCONYC18QAD&apos;, ip: &apos;10.88.189.52&apos;, os.name: &apos;Windows 7&apos;, os.arch: &apos;amd64&apos;, os.version: &apos;6.1&apos;, java.version: &apos;1.8.0_40&apos;
Driver info: org.openqa.selenium.chrome.ChromeDriver
Capabilities [{applicationCacheEnabled=false, rotatable=false, mobileEmulationEnabled=false, chrome={userDataDir=C:\Users\1111128\AppData\Local\Temp\scoped_dir22832_23864}, takesHeapSnapshot=true, databaseEnabled=false, handlesAlerts=true, version=43.0.2357.134, platform=XP, browserConnectionEnabled=false, nativeEvents=true, acceptSslCerts=true, locationContextEnabled=true, webStorageEnabled=true, browserName=chrome, takesScreenshot=true, javascriptEnabled=true, cssSelectorsEnabled=true}]
Session ID: a7f7b2a66d7b4a251f59bedcdc9a781f
	at java.lang.reflect.Constructor.newInstance(Constructor.java:422)
	at org.openqa.selenium.remote.ErrorHandler.createThrowable(ErrorHandler.java:204)
	at org.openqa.selenium.remote.ErrorHandler.throwIfResponseFailed(ErrorHandler.java:156)
	at org.openqa.selenium.remote.RemoteWebDriver.execute(RemoteWebDriver.java:599)
	at org.openqa.selenium.remote.RemoteWebDriver.get(RemoteWebDriver.java:304)
	at com.iheart.selenium.web_sanity.Utils.launchBrowser(Utils.java:273)
	at com.iheart.junit.web_sanity.RunDailyTest.init(RunDailyTest.java:46)
</error>

      </testcase>

      <testcase classname="com.iheart.junit.web_sanity.RunDailyTest" name="testWEB_11752_thumbUpLiveRadio" time="912.729">
          <error message="timeout: Timed out receiving message from renderer: 10.000&#xa;  (Session info: chrome=43.0.2357.134)&#xa;  (Driver info: chromedriver=2.14.313457 (3d645c400edf2e2c500566c9aa096063e707c9cf),platform=Windows NT 6.1 SP1 x86_64) (WARNING: The server did not provide any stacktrace information)&#xa;Command duration or timeout: 910.61 seconds&#xa;Build info: version: &apos;2.45.0&apos;, revision: &apos;5017cb8&apos;, time: &apos;2015-02-26 23:59:50&apos;&#xa;System info: host: &apos;CCONYC18QAD&apos;, ip: &apos;10.88.189.52&apos;, os.name: &apos;Windows 7&apos;, os.arch: &apos;amd64&apos;, os.version: &apos;6.1&apos;, java.version: &apos;1.8.0_40&apos;&#xa;Driver info: org.openqa.selenium.chrome.ChromeDriver&#xa;Capabilities [{applicationCacheEnabled=false, rotatable=false, mobileEmulationEnabled=false, chrome={userDataDir=C:\Users\1111128\AppData\Local\Temp\scoped_dir28916_21974}, takesHeapSnapshot=true, databaseEnabled=false, handlesAlerts=true, version=43.0.2357.134, platform=XP, browserConnectionEnabled=false, nativeEvents=true, acceptSslCerts=true, locationContextEnabled=true, webStorageEnabled=true, browserName=chrome, takesScreenshot=true, javascriptEnabled=true, cssSelectorsEnabled=true}]&#xa;Session ID: 12ac8af76c5b808798cd0672fd3e6365" type="org.openqa.selenium.TimeoutException">org.openqa.selenium.TimeoutException: timeout: Timed out receiving message from renderer: 10.000
  (Session info: chrome=43.0.2357.134)
  (Driver info: chromedriver=2.14.313457 (3d645c400edf2e2c500566c9aa096063e707c9cf),platform=Windows NT 6.1 SP1 x86_64) (WARNING: The server did not provide any stacktrace information)
Command duration or timeout: 910.61 seconds
Build info: version: &apos;2.45.0&apos;, revision: &apos;5017cb8&apos;, time: &apos;2015-02-26 23:59:50&apos;
System info: host: &apos;CCONYC18QAD&apos;, ip: &apos;10.88.189.52&apos;, os.name: &apos;Windows 7&apos;, os.arch: &apos;amd64&apos;, os.version: &apos;6.1&apos;, java.version: &apos;1.8.0_40&apos;
Driver info: org.openqa.selenium.chrome.ChromeDriver
Capabilities [{applicationCacheEnabled=false, rotatable=false, mobileEmulationEnabled=false, chrome={userDataDir=C:\Users\1111128\AppData\Local\Temp\scoped_dir28916_21974}, takesHeapSnapshot=true, databaseEnabled=false, handlesAlerts=true, version=43.0.2357.134, platform=XP, browserConnectionEnabled=false, nativeEvents=true, acceptSslCerts=true, locationContextEnabled=true, webStorageEnabled=true, browserName=chrome, takesScreenshot=true, javascriptEnabled=true, cssSelectorsEnabled=true}]
Session ID: 12ac8af76c5b808798cd0672fd3e6365
	at java.lang.reflect.Constructor.newInstance(Constructor.java:422)
	at org.openqa.selenium.remote.ErrorHandler.createThrowable(ErrorHandler.java:204)
	at org.openqa.selenium.remote.ErrorHandler.throwIfResponseFailed(ErrorHandler.java:156)
	at org.openqa.selenium.remote.RemoteWebDriver.execute(RemoteWebDriver.java:599)
	at org.openqa.selenium.remote.RemoteWebDriver.get(RemoteWebDriver.java:304)
	at com.iheart.selenium.web_sanity.Utils.launchBrowser(Utils.java:273)
	at com.iheart.junit.web_sanity.RunDailyTest.init(RunDailyTest.java:46)
</error>

      </testcase>

      <testcase classname="com.iheart.junit.web_sanity.RunDailyTest" name="testWEB_11763_thumpUpCustom" time="912.376">
          <error message="timeout: Timed out receiving message from renderer: 10.000&#xa;  (Session info: chrome=43.0.2357.134)&#xa;  (Driver info: chromedriver=2.14.313457 (3d645c400edf2e2c500566c9aa096063e707c9cf),platform=Windows NT 6.1 SP1 x86_64) (WARNING: The server did not provide any stacktrace information)&#xa;Command duration or timeout: 910.50 seconds&#xa;Build info: version: &apos;2.45.0&apos;, revision: &apos;5017cb8&apos;, time: &apos;2015-02-26 23:59:50&apos;&#xa;System info: host: &apos;CCONYC18QAD&apos;, ip: &apos;10.88.189.52&apos;, os.name: &apos;Windows 7&apos;, os.arch: &apos;amd64&apos;, os.version: &apos;6.1&apos;, java.version: &apos;1.8.0_40&apos;&#xa;Driver info: org.openqa.selenium.chrome.ChromeDriver&#xa;Capabilities [{applicationCacheEnabled=false, rotatable=false, mobileEmulationEnabled=false, chrome={userDataDir=C:\Users\1111128\AppData\Local\Temp\scoped_dir28704_24774}, takesHeapSnapshot=true, databaseEnabled=false, handlesAlerts=true, version=43.0.2357.134, platform=XP, browserConnectionEnabled=false, nativeEvents=true, acceptSslCerts=true, locationContextEnabled=true, webStorageEnabled=true, browserName=chrome, takesScreenshot=true, javascriptEnabled=true, cssSelectorsEnabled=true}]&#xa;Session ID: f810d28ed7675749ad8c1b664ce3be0f" type="org.openqa.selenium.TimeoutException">org.openqa.selenium.TimeoutException: timeout: Timed out receiving message from renderer: 10.000
  (Session info: chrome=43.0.2357.134)
  (Driver info: chromedriver=2.14.313457 (3d645c400edf2e2c500566c9aa096063e707c9cf),platform=Windows NT 6.1 SP1 x86_64) (WARNING: The server did not provide any stacktrace information)
Command duration or timeout: 910.50 seconds
Build info: version: &apos;2.45.0&apos;, revision: &apos;5017cb8&apos;, time: &apos;2015-02-26 23:59:50&apos;
System info: host: &apos;CCONYC18QAD&apos;, ip: &apos;10.88.189.52&apos;, os.name: &apos;Windows 7&apos;, os.arch: &apos;amd64&apos;, os.version: &apos;6.1&apos;, java.version: &apos;1.8.0_40&apos;
Driver info: org.openqa.selenium.chrome.ChromeDriver
Capabilities [{applicationCacheEnabled=false, rotatable=false, mobileEmulationEnabled=false, chrome={userDataDir=C:\Users\1111128\AppData\Local\Temp\scoped_dir28704_24774}, takesHeapSnapshot=true, databaseEnabled=false, handlesAlerts=true, version=43.0.2357.134, platform=XP, browserConnectionEnabled=false, nativeEvents=true, acceptSslCerts=true, locationContextEnabled=true, webStorageEnabled=true, browserName=chrome, takesScreenshot=true, javascriptEnabled=true, cssSelectorsEnabled=true}]
Session ID: f810d28ed7675749ad8c1b664ce3be0f
	at java.lang.reflect.Constructor.newInstance(Constructor.java:422)
	at org.openqa.selenium.remote.ErrorHandler.createThrowable(ErrorHandler.java:204)
	at org.openqa.selenium.remote.ErrorHandler.throwIfResponseFailed(ErrorHandler.java:156)
	at org.openqa.selenium.remote.RemoteWebDriver.execute(RemoteWebDriver.java:599)
	at org.openqa.selenium.remote.RemoteWebDriver.get(RemoteWebDriver.java:304)
	at com.iheart.selenium.web_sanity.Utils.launchBrowser(Utils.java:273)
	at com.iheart.junit.web_sanity.RunDailyTest.init(RunDailyTest.java:46)
</error>

      </testcase>

      <testcase classname="com.iheart.junit.web_sanity.RunDailyTest" name="testWEB_18302_PopularUserFlow" time="912.899">
          <error message="timeout: Timed out receiving message from renderer: 10.000&#xa;  (Session info: chrome=43.0.2357.134)&#xa;  (Driver info: chromedriver=2.14.313457 (3d645c400edf2e2c500566c9aa096063e707c9cf),platform=Windows NT 6.1 SP1 x86_64) (WARNING: The server did not provide any stacktrace information)&#xa;Command duration or timeout: 910.74 seconds&#xa;Build info: version: &apos;2.45.0&apos;, revision: &apos;5017cb8&apos;, time: &apos;2015-02-26 23:59:50&apos;&#xa;System info: host: &apos;CCONYC18QAD&apos;, ip: &apos;10.88.189.52&apos;, os.name: &apos;Windows 7&apos;, os.arch: &apos;amd64&apos;, os.version: &apos;6.1&apos;, java.version: &apos;1.8.0_40&apos;&#xa;Driver info: org.openqa.selenium.chrome.ChromeDriver&#xa;Capabilities [{applicationCacheEnabled=false, rotatable=false, mobileEmulationEnabled=false, chrome={userDataDir=C:\Users\1111128\AppData\Local\Temp\scoped_dir23940_2446}, takesHeapSnapshot=true, databaseEnabled=false, handlesAlerts=true, version=43.0.2357.134, platform=XP, browserConnectionEnabled=false, nativeEvents=true, acceptSslCerts=true, locationContextEnabled=true, webStorageEnabled=true, browserName=chrome, takesScreenshot=true, javascriptEnabled=true, cssSelectorsEnabled=true}]&#xa;Session ID: d169ebc30b4965ab0d6948e4f4d05355" type="org.openqa.selenium.TimeoutException">org.openqa.selenium.TimeoutException: timeout: Timed out receiving message from renderer: 10.000
  (Session info: chrome=43.0.2357.134)
  (Driver info: chromedriver=2.14.313457 (3d645c400edf2e2c500566c9aa096063e707c9cf),platform=Windows NT 6.1 SP1 x86_64) (WARNING: The server did not provide any stacktrace information)
Command duration or timeout: 910.74 seconds
Build info: version: &apos;2.45.0&apos;, revision: &apos;5017cb8&apos;, time: &apos;2015-02-26 23:59:50&apos;
System info: host: &apos;CCONYC18QAD&apos;, ip: &apos;10.88.189.52&apos;, os.name: &apos;Windows 7&apos;, os.arch: &apos;amd64&apos;, os.version: &apos;6.1&apos;, java.version: &apos;1.8.0_40&apos;
Driver info: org.openqa.selenium.chrome.ChromeDriver
Capabilities [{applicationCacheEnabled=false, rotatable=false, mobileEmulationEnabled=false, chrome={userDataDir=C:\Users\1111128\AppData\Local\Temp\scoped_dir23940_2446}, takesHeapSnapshot=true, databaseEnabled=false, handlesAlerts=true, version=43.0.2357.134, platform=XP, browserConnectionEnabled=false, nativeEvents=true, acceptSslCerts=true, locationContextEnabled=true, webStorageEnabled=true, browserName=chrome, takesScreenshot=true, javascriptEnabled=true, cssSelectorsEnabled=true}]
Session ID: d169ebc30b4965ab0d6948e4f4d05355
	at java.lang.reflect.Constructor.newInstance(Constructor.java:422)
	at org.openqa.selenium.remote.ErrorHandler.createThrowable(ErrorHandler.java:204)
	at org.openqa.selenium.remote.ErrorHandler.throwIfResponseFailed(ErrorHandler.java:156)
	at org.openqa.selenium.remote.RemoteWebDriver.execute(RemoteWebDriver.java:599)
	at org.openqa.selenium.remote.RemoteWebDriver.get(RemoteWebDriver.java:304)
	at com.iheart.selenium.web_sanity.Utils.launchBrowser(Utils.java:273)
	at com.iheart.junit.web_sanity.RunDailyTest.init(RunDailyTest.java:46)
</error>

      </testcase>

      <testcase classname="com.iheart.junit.web_sanity.RunDailyTest" name="testWEB_8823_FaceBookSignUp" time="912.316">
          <error message="timeout: Timed out receiving message from renderer: 10.000&#xa;  (Session info: chrome=43.0.2357.134)&#xa;  (Driver info: chromedriver=2.14.313457 (3d645c400edf2e2c500566c9aa096063e707c9cf),platform=Windows NT 6.1 SP1 x86_64) (WARNING: The server did not provide any stacktrace information)&#xa;Command duration or timeout: 910.55 seconds&#xa;Build info: version: &apos;2.45.0&apos;, revision: &apos;5017cb8&apos;, time: &apos;2015-02-26 23:59:50&apos;&#xa;System info: host: &apos;CCONYC18QAD&apos;, ip: &apos;10.88.189.52&apos;, os.name: &apos;Windows 7&apos;, os.arch: &apos;amd64&apos;, os.version: &apos;6.1&apos;, java.version: &apos;1.8.0_40&apos;&#xa;Driver info: org.openqa.selenium.chrome.ChromeDriver&#xa;Capabilities [{applicationCacheEnabled=false, rotatable=false, mobileEmulationEnabled=false, chrome={userDataDir=C:\Users\1111128\AppData\Local\Temp\scoped_dir28876_11402}, takesHeapSnapshot=true, databaseEnabled=false, handlesAlerts=true, version=43.0.2357.134, platform=XP, browserConnectionEnabled=false, nativeEvents=true, acceptSslCerts=true, locationContextEnabled=true, webStorageEnabled=true, browserName=chrome, takesScreenshot=true, javascriptEnabled=true, cssSelectorsEnabled=true}]&#xa;Session ID: 93f52f0d5f98a3954152729efbd2a293" type="org.openqa.selenium.TimeoutException">org.openqa.selenium.TimeoutException: timeout: Timed out receiving message from renderer: 10.000
  (Session info: chrome=43.0.2357.134)
  (Driver info: chromedriver=2.14.313457 (3d645c400edf2e2c500566c9aa096063e707c9cf),platform=Windows NT 6.1 SP1 x86_64) (WARNING: The server did not provide any stacktrace information)
Command duration or timeout: 910.55 seconds
Build info: version: &apos;2.45.0&apos;, revision: &apos;5017cb8&apos;, time: &apos;2015-02-26 23:59:50&apos;
System info: host: &apos;CCONYC18QAD&apos;, ip: &apos;10.88.189.52&apos;, os.name: &apos;Windows 7&apos;, os.arch: &apos;amd64&apos;, os.version: &apos;6.1&apos;, java.version: &apos;1.8.0_40&apos;
Driver info: org.openqa.selenium.chrome.ChromeDriver
Capabilities [{applicationCacheEnabled=false, rotatable=false, mobileEmulationEnabled=false, chrome={userDataDir=C:\Users\1111128\AppData\Local\Temp\scoped_dir28876_11402}, takesHeapSnapshot=true, databaseEnabled=false, handlesAlerts=true, version=43.0.2357.134, platform=XP, browserConnectionEnabled=false, nativeEvents=true, acceptSslCerts=true, locationContextEnabled=true, webStorageEnabled=true, browserName=chrome, takesScreenshot=true, javascriptEnabled=true, cssSelectorsEnabled=true}]
Session ID: 93f52f0d5f98a3954152729efbd2a293
	at java.lang.reflect.Constructor.newInstance(Constructor.java:422)
	at org.openqa.selenium.remote.ErrorHandler.createThrowable(ErrorHandler.java:204)
	at org.openqa.selenium.remote.ErrorHandler.throwIfResponseFailed(ErrorHandler.java:156)
	at org.openqa.selenium.remote.RemoteWebDriver.execute(RemoteWebDriver.java:599)
	at org.openqa.selenium.remote.RemoteWebDriver.get(RemoteWebDriver.java:304)
	at com.iheart.selenium.web_sanity.Utils.launchBrowser(Utils.java:273)
	at com.iheart.junit.web_sanity.RunDailyTest.init(RunDailyTest.java:46)
</error>

      </testcase>

      <testcase classname="com.iheart.junit.web_sanity.RunDailyTest" name="testWEB_11780_playStationsInMyStationsPage" time="913.345">
          <error message="timeout: Timed out receiving message from renderer: 10.000&#xa;  (Session info: chrome=43.0.2357.134)&#xa;  (Driver info: chromedriver=2.14.313457 (3d645c400edf2e2c500566c9aa096063e707c9cf),platform=Windows NT 6.1 SP1 x86_64) (WARNING: The server did not provide any stacktrace information)&#xa;Command duration or timeout: 911.35 seconds&#xa;Build info: version: &apos;2.45.0&apos;, revision: &apos;5017cb8&apos;, time: &apos;2015-02-26 23:59:50&apos;&#xa;System info: host: &apos;CCONYC18QAD&apos;, ip: &apos;10.88.189.52&apos;, os.name: &apos;Windows 7&apos;, os.arch: &apos;amd64&apos;, os.version: &apos;6.1&apos;, java.version: &apos;1.8.0_40&apos;&#xa;Driver info: org.openqa.selenium.chrome.ChromeDriver&#xa;Capabilities [{applicationCacheEnabled=false, rotatable=false, mobileEmulationEnabled=false, chrome={userDataDir=C:\Users\1111128\AppData\Local\Temp\scoped_dir29068_24520}, takesHeapSnapshot=true, databaseEnabled=false, handlesAlerts=true, version=43.0.2357.134, platform=XP, browserConnectionEnabled=false, nativeEvents=true, acceptSslCerts=true, locationContextEnabled=true, webStorageEnabled=true, browserName=chrome, takesScreenshot=true, javascriptEnabled=true, cssSelectorsEnabled=true}]&#xa;Session ID: c5b9a119059185aedc3dcb7ae1adf05b" type="org.openqa.selenium.TimeoutException">org.openqa.selenium.TimeoutException: timeout: Timed out receiving message from renderer: 10.000
  (Session info: chrome=43.0.2357.134)
  (Driver info: chromedriver=2.14.313457 (3d645c400edf2e2c500566c9aa096063e707c9cf),platform=Windows NT 6.1 SP1 x86_64) (WARNING: The server did not provide any stacktrace information)
Command duration or timeout: 911.35 seconds
Build info: version: &apos;2.45.0&apos;, revision: &apos;5017cb8&apos;, time: &apos;2015-02-26 23:59:50&apos;
System info: host: &apos;CCONYC18QAD&apos;, ip: &apos;10.88.189.52&apos;, os.name: &apos;Windows 7&apos;, os.arch: &apos;amd64&apos;, os.version: &apos;6.1&apos;, java.version: &apos;1.8.0_40&apos;
Driver info: org.openqa.selenium.chrome.ChromeDriver
Capabilities [{applicationCacheEnabled=false, rotatable=false, mobileEmulationEnabled=false, chrome={userDataDir=C:\Users\1111128\AppData\Local\Temp\scoped_dir29068_24520}, takesHeapSnapshot=true, databaseEnabled=false, handlesAlerts=true, version=43.0.2357.134, platform=XP, browserConnectionEnabled=false, nativeEvents=true, acceptSslCerts=true, locationContextEnabled=true, webStorageEnabled=true, browserName=chrome, takesScreenshot=true, javascriptEnabled=true, cssSelectorsEnabled=true}]
Session ID: c5b9a119059185aedc3dcb7ae1adf05b
	at java.lang.reflect.Constructor.newInstance(Constructor.java:422)
	at org.openqa.selenium.remote.ErrorHandler.createThrowable(ErrorHandler.java:204)
	at org.openqa.selenium.remote.ErrorHandler.throwIfResponseFailed(ErrorHandler.java:156)
	at org.openqa.selenium.remote.RemoteWebDriver.execute(RemoteWebDriver.java:599)
	at org.openqa.selenium.remote.RemoteWebDriver.get(RemoteWebDriver.java:304)
	at com.iheart.selenium.web_sanity.Utils.launchBrowser(Utils.java:273)
	at com.iheart.junit.web_sanity.RunDailyTest.init(RunDailyTest.java:46)
</error>

      </testcase>

      <testcase classname="com.iheart.junit.web_sanity.RunDailyTest" name="testWEB_11736_signUp" time="913.247">
          <error message="timeout: Timed out receiving message from renderer: 10.000&#xa;  (Session info: chrome=43.0.2357.134)&#xa;  (Driver info: chromedriver=2.14.313457 (3d645c400edf2e2c500566c9aa096063e707c9cf),platform=Windows NT 6.1 SP1 x86_64) (WARNING: The server did not provide any stacktrace information)&#xa;Command duration or timeout: 910.77 seconds&#xa;Build info: version: &apos;2.45.0&apos;, revision: &apos;5017cb8&apos;, time: &apos;2015-02-26 23:59:50&apos;&#xa;System info: host: &apos;CCONYC18QAD&apos;, ip: &apos;10.88.189.52&apos;, os.name: &apos;Windows 7&apos;, os.arch: &apos;amd64&apos;, os.version: &apos;6.1&apos;, java.version: &apos;1.8.0_40&apos;&#xa;Driver info: org.openqa.selenium.chrome.ChromeDriver&#xa;Capabilities [{applicationCacheEnabled=false, rotatable=false, mobileEmulationEnabled=false, chrome={userDataDir=C:\Users\1111128\AppData\Local\Temp\scoped_dir26232_28852}, takesHeapSnapshot=true, databaseEnabled=false, handlesAlerts=true, version=43.0.2357.134, platform=XP, browserConnectionEnabled=false, nativeEvents=true, acceptSslCerts=true, locationContextEnabled=true, webStorageEnabled=true, browserName=chrome, takesScreenshot=true, javascriptEnabled=true, cssSelectorsEnabled=true}]&#xa;Session ID: 0b22bdb791d5fa480e2eeaf3b108446b" type="org.openqa.selenium.TimeoutException">org.openqa.selenium.TimeoutException: timeout: Timed out receiving message from renderer: 10.000
  (Session info: chrome=43.0.2357.134)
  (Driver info: chromedriver=2.14.313457 (3d645c400edf2e2c500566c9aa096063e707c9cf),platform=Windows NT 6.1 SP1 x86_64) (WARNING: The server did not provide any stacktrace information)
Command duration or timeout: 910.77 seconds
Build info: version: &apos;2.45.0&apos;, revision: &apos;5017cb8&apos;, time: &apos;2015-02-26 23:59:50&apos;
System info: host: &apos;CCONYC18QAD&apos;, ip: &apos;10.88.189.52&apos;, os.name: &apos;Windows 7&apos;, os.arch: &apos;amd64&apos;, os.version: &apos;6.1&apos;, java.version: &apos;1.8.0_40&apos;
Driver info: org.openqa.selenium.chrome.ChromeDriver
Capabilities [{applicationCacheEnabled=false, rotatable=false, mobileEmulationEnabled=false, chrome={userDataDir=C:\Users\1111128\AppData\Local\Temp\scoped_dir26232_28852}, takesHeapSnapshot=true, databaseEnabled=false, handlesAlerts=true, version=43.0.2357.134, platform=XP, browserConnectionEnabled=false, nativeEvents=true, acceptSslCerts=true, locationContextEnabled=true, webStorageEnabled=true, browserName=chrome, takesScreenshot=true, javascriptEnabled=true, cssSelectorsEnabled=true}]
Session ID: 0b22bdb791d5fa480e2eeaf3b108446b
	at java.lang.reflect.Constructor.newInstance(Constructor.java:422)
	at org.openqa.selenium.remote.ErrorHandler.createThrowable(ErrorHandler.java:204)
	at org.openqa.selenium.remote.ErrorHandler.throwIfResponseFailed(ErrorHandler.java:156)
	at org.openqa.selenium.remote.RemoteWebDriver.execute(RemoteWebDriver.java:599)
	at org.openqa.selenium.remote.RemoteWebDriver.get(RemoteWebDriver.java:304)
	at com.iheart.selenium.web_sanity.Utils.launchBrowser(Utils.java:273)
	at com.iheart.junit.web_sanity.RunDailyTest.init(RunDailyTest.java:46)
</error>

      </testcase>

      <testcase classname="com.iheart.junit.web_sanity.RunDailyTest" name="testWEB_11776_thumbUpPodcasts" time="913.005">
          <error message="timeout: Timed out receiving message from renderer: 10.000&#xa;  (Session info: chrome=43.0.2357.134)&#xa;  (Driver info: chromedriver=2.14.313457 (3d645c400edf2e2c500566c9aa096063e707c9cf),platform=Windows NT 6.1 SP1 x86_64) (WARNING: The server did not provide any stacktrace information)&#xa;Command duration or timeout: 910.70 seconds&#xa;Build info: version: &apos;2.45.0&apos;, revision: &apos;5017cb8&apos;, time: &apos;2015-02-26 23:59:50&apos;&#xa;System info: host: &apos;CCONYC18QAD&apos;, ip: &apos;10.88.189.52&apos;, os.name: &apos;Windows 7&apos;, os.arch: &apos;amd64&apos;, os.version: &apos;6.1&apos;, java.version: &apos;1.8.0_40&apos;&#xa;Driver info: org.openqa.selenium.chrome.ChromeDriver&#xa;Capabilities [{applicationCacheEnabled=false, rotatable=false, mobileEmulationEnabled=false, chrome={userDataDir=C:\Users\1111128\AppData\Local\Temp\scoped_dir30208_6343}, takesHeapSnapshot=true, databaseEnabled=false, handlesAlerts=true, version=43.0.2357.134, platform=XP, browserConnectionEnabled=false, nativeEvents=true, acceptSslCerts=true, locationContextEnabled=true, webStorageEnabled=true, browserName=chrome, takesScreenshot=true, javascriptEnabled=true, cssSelectorsEnabled=true}]&#xa;Session ID: 229356811af3f4590a525bc5064c2362" type="org.openqa.selenium.TimeoutException">org.openqa.selenium.TimeoutException: timeout: Timed out receiving message from renderer: 10.000
  (Session info: chrome=43.0.2357.134)
  (Driver info: chromedriver=2.14.313457 (3d645c400edf2e2c500566c9aa096063e707c9cf),platform=Windows NT 6.1 SP1 x86_64) (WARNING: The server did not provide any stacktrace information)
Command duration or timeout: 910.70 seconds
Build info: version: &apos;2.45.0&apos;, revision: &apos;5017cb8&apos;, time: &apos;2015-02-26 23:59:50&apos;
System info: host: &apos;CCONYC18QAD&apos;, ip: &apos;10.88.189.52&apos;, os.name: &apos;Windows 7&apos;, os.arch: &apos;amd64&apos;, os.version: &apos;6.1&apos;, java.version: &apos;1.8.0_40&apos;
Driver info: org.openqa.selenium.chrome.ChromeDriver
Capabilities [{applicationCacheEnabled=false, rotatable=false, mobileEmulationEnabled=false, chrome={userDataDir=C:\Users\1111128\AppData\Local\Temp\scoped_dir30208_6343}, takesHeapSnapshot=true, databaseEnabled=false, handlesAlerts=true, version=43.0.2357.134, platform=XP, browserConnectionEnabled=false, nativeEvents=true, acceptSslCerts=true, locationContextEnabled=true, webStorageEnabled=true, browserName=chrome, takesScreenshot=true, javascriptEnabled=true, cssSelectorsEnabled=true}]
Session ID: 229356811af3f4590a525bc5064c2362
	at java.lang.reflect.Constructor.newInstance(Constructor.java:422)
	at org.openqa.selenium.remote.ErrorHandler.createThrowable(ErrorHandler.java:204)
	at org.openqa.selenium.remote.ErrorHandler.throwIfResponseFailed(ErrorHandler.java:156)
	at org.openqa.selenium.remote.RemoteWebDriver.execute(RemoteWebDriver.java:599)
	at org.openqa.selenium.remote.RemoteWebDriver.get(RemoteWebDriver.java:304)
	at com.iheart.selenium.web_sanity.Utils.launchBrowser(Utils.java:273)
	at com.iheart.junit.web_sanity.RunDailyTest.init(RunDailyTest.java:46)
</error>

      </testcase>

      <testcase classname="com.iheart.junit.web_sanity.RunDailyTest" name="testWEB_11740_search" time="912.98">
          <error message="timeout: Timed out receiving message from renderer: 10.000&#xa;  (Session info: chrome=43.0.2357.134)&#xa;  (Driver info: chromedriver=2.14.313457 (3d645c400edf2e2c500566c9aa096063e707c9cf),platform=Windows NT 6.1 SP1 x86_64) (WARNING: The server did not provide any stacktrace information)&#xa;Command duration or timeout: 910.78 seconds&#xa;Build info: version: &apos;2.45.0&apos;, revision: &apos;5017cb8&apos;, time: &apos;2015-02-26 23:59:50&apos;&#xa;System info: host: &apos;CCONYC18QAD&apos;, ip: &apos;10.88.189.52&apos;, os.name: &apos;Windows 7&apos;, os.arch: &apos;amd64&apos;, os.version: &apos;6.1&apos;, java.version: &apos;1.8.0_40&apos;&#xa;Driver info: org.openqa.selenium.chrome.ChromeDriver&#xa;Capabilities [{applicationCacheEnabled=false, rotatable=false, mobileEmulationEnabled=false, chrome={userDataDir=C:\Users\1111128\AppData\Local\Temp\scoped_dir30156_22811}, takesHeapSnapshot=true, databaseEnabled=false, handlesAlerts=true, version=43.0.2357.134, platform=XP, browserConnectionEnabled=false, nativeEvents=true, acceptSslCerts=true, locationContextEnabled=true, webStorageEnabled=true, browserName=chrome, takesScreenshot=true, javascriptEnabled=true, cssSelectorsEnabled=true}]&#xa;Session ID: 58476d9ffed3c3c44e414cc88e287d17" type="org.openqa.selenium.TimeoutException">org.openqa.selenium.TimeoutException: timeout: Timed out receiving message from renderer: 10.000
  (Session info: chrome=43.0.2357.134)
  (Driver info: chromedriver=2.14.313457 (3d645c400edf2e2c500566c9aa096063e707c9cf),platform=Windows NT 6.1 SP1 x86_64) (WARNING: The server did not provide any stacktrace information)
Command duration or timeout: 910.78 seconds
Build info: version: &apos;2.45.0&apos;, revision: &apos;5017cb8&apos;, time: &apos;2015-02-26 23:59:50&apos;
System info: host: &apos;CCONYC18QAD&apos;, ip: &apos;10.88.189.52&apos;, os.name: &apos;Windows 7&apos;, os.arch: &apos;amd64&apos;, os.version: &apos;6.1&apos;, java.version: &apos;1.8.0_40&apos;
Driver info: org.openqa.selenium.chrome.ChromeDriver
Capabilities [{applicationCacheEnabled=false, rotatable=false, mobileEmulationEnabled=false, chrome={userDataDir=C:\Users\1111128\AppData\Local\Temp\scoped_dir30156_22811}, takesHeapSnapshot=true, databaseEnabled=false, handlesAlerts=true, version=43.0.2357.134, platform=XP, browserConnectionEnabled=false, nativeEvents=true, acceptSslCerts=true, locationContextEnabled=true, webStorageEnabled=true, browserName=chrome, takesScreenshot=true, javascriptEnabled=true, cssSelectorsEnabled=true}]
Session ID: 58476d9ffed3c3c44e414cc88e287d17
	at java.lang.reflect.Constructor.newInstance(Constructor.java:422)
	at org.openqa.selenium.remote.ErrorHandler.createThrowable(ErrorHandler.java:204)
	at org.openqa.selenium.remote.ErrorHandler.throwIfResponseFailed(ErrorHandler.java:156)
	at org.openqa.selenium.remote.RemoteWebDriver.execute(RemoteWebDriver.java:599)
	at org.openqa.selenium.remote.RemoteWebDriver.get(RemoteWebDriver.java:304)
	at com.iheart.selenium.web_sanity.Utils.launchBrowser(Utils.java:273)
	at com.iheart.junit.web_sanity.RunDailyTest.init(RunDailyTest.java:46)
</error>

      </testcase>

      <testcase classname="com.iheart.junit.web_sanity.RunDailyTest" name="testWEB_11750_filterLiveStationAfterLogin" time="912.617">
          <error message="timeout: Timed out receiving message from renderer: 10.000&#xa;  (Session info: chrome=43.0.2357.134)&#xa;  (Driver info: chromedriver=2.14.313457 (3d645c400edf2e2c500566c9aa096063e707c9cf),platform=Windows NT 6.1 SP1 x86_64) (WARNING: The server did not provide any stacktrace information)&#xa;Command duration or timeout: 910.92 seconds&#xa;Build info: version: &apos;2.45.0&apos;, revision: &apos;5017cb8&apos;, time: &apos;2015-02-26 23:59:50&apos;&#xa;System info: host: &apos;CCONYC18QAD&apos;, ip: &apos;10.88.189.52&apos;, os.name: &apos;Windows 7&apos;, os.arch: &apos;amd64&apos;, os.version: &apos;6.1&apos;, java.version: &apos;1.8.0_40&apos;&#xa;Driver info: org.openqa.selenium.chrome.ChromeDriver&#xa;Capabilities [{applicationCacheEnabled=false, rotatable=false, mobileEmulationEnabled=false, chrome={userDataDir=C:\Users\1111128\AppData\Local\Temp\scoped_dir30608_11069}, takesHeapSnapshot=true, databaseEnabled=false, handlesAlerts=true, version=43.0.2357.134, platform=XP, browserConnectionEnabled=false, nativeEvents=true, acceptSslCerts=true, locationContextEnabled=true, webStorageEnabled=true, browserName=chrome, takesScreenshot=true, javascriptEnabled=true, cssSelectorsEnabled=true}]&#xa;Session ID: b3f2802b84dd794fdc26039b50ebeb2a" type="org.openqa.selenium.TimeoutException">org.openqa.selenium.TimeoutException: timeout: Timed out receiving message from renderer: 10.000
  (Session info: chrome=43.0.2357.134)
  (Driver info: chromedriver=2.14.313457 (3d645c400edf2e2c500566c9aa096063e707c9cf),platform=Windows NT 6.1 SP1 x86_64) (WARNING: The server did not provide any stacktrace information)
Command duration or timeout: 910.92 seconds
Build info: version: &apos;2.45.0&apos;, revision: &apos;5017cb8&apos;, time: &apos;2015-02-26 23:59:50&apos;
System info: host: &apos;CCONYC18QAD&apos;, ip: &apos;10.88.189.52&apos;, os.name: &apos;Windows 7&apos;, os.arch: &apos;amd64&apos;, os.version: &apos;6.1&apos;, java.version: &apos;1.8.0_40&apos;
Driver info: org.openqa.selenium.chrome.ChromeDriver
Capabilities [{applicationCacheEnabled=false, rotatable=false, mobileEmulationEnabled=false, chrome={userDataDir=C:\Users\1111128\AppData\Local\Temp\scoped_dir30608_11069}, takesHeapSnapshot=true, databaseEnabled=false, handlesAlerts=true, version=43.0.2357.134, platform=XP, browserConnectionEnabled=false, nativeEvents=true, acceptSslCerts=true, locationContextEnabled=true, webStorageEnabled=true, browserName=chrome, takesScreenshot=true, javascriptEnabled=true, cssSelectorsEnabled=true}]
Session ID: b3f2802b84dd794fdc26039b50ebeb2a
	at java.lang.reflect.Constructor.newInstance(Constructor.java:422)
	at org.openqa.selenium.remote.ErrorHandler.createThrowable(ErrorHandler.java:204)
	at org.openqa.selenium.remote.ErrorHandler.throwIfResponseFailed(ErrorHandler.java:156)
	at org.openqa.selenium.remote.RemoteWebDriver.execute(RemoteWebDriver.java:599)
	at org.openqa.selenium.remote.RemoteWebDriver.get(RemoteWebDriver.java:304)
	at com.iheart.selenium.web_sanity.Utils.launchBrowser(Utils.java:273)
	at com.iheart.junit.web_sanity.RunDailyTest.init(RunDailyTest.java:46)
</error>

      </testcase>

      <testcase classname="com.iheart.junit.web_sanity.RunDailyTest" name="testWEB_11766_browsePerfect" time="912.351">
          <error message="timeout: Timed out receiving message from renderer: 10.000&#xa;  (Session info: chrome=43.0.2357.134)&#xa;  (Driver info: chromedriver=2.14.313457 (3d645c400edf2e2c500566c9aa096063e707c9cf),platform=Windows NT 6.1 SP1 x86_64) (WARNING: The server did not provide any stacktrace information)&#xa;Command duration or timeout: 910.51 seconds&#xa;Build info: version: &apos;2.45.0&apos;, revision: &apos;5017cb8&apos;, time: &apos;2015-02-26 23:59:50&apos;&#xa;System info: host: &apos;CCONYC18QAD&apos;, ip: &apos;10.88.189.52&apos;, os.name: &apos;Windows 7&apos;, os.arch: &apos;amd64&apos;, os.version: &apos;6.1&apos;, java.version: &apos;1.8.0_40&apos;&#xa;Driver info: org.openqa.selenium.chrome.ChromeDriver&#xa;Capabilities [{applicationCacheEnabled=false, rotatable=false, mobileEmulationEnabled=false, chrome={userDataDir=C:\Users\1111128\AppData\Local\Temp\scoped_dir31232_14136}, takesHeapSnapshot=true, databaseEnabled=false, handlesAlerts=true, version=43.0.2357.134, platform=XP, browserConnectionEnabled=false, nativeEvents=true, acceptSslCerts=true, locationContextEnabled=true, webStorageEnabled=true, browserName=chrome, takesScreenshot=true, javascriptEnabled=true, cssSelectorsEnabled=true}]&#xa;Session ID: e0caf511f4c00cce6f9b7865ad60ee23" type="org.openqa.selenium.TimeoutException">org.openqa.selenium.TimeoutException: timeout: Timed out receiving message from renderer: 10.000
  (Session info: chrome=43.0.2357.134)
  (Driver info: chromedriver=2.14.313457 (3d645c400edf2e2c500566c9aa096063e707c9cf),platform=Windows NT 6.1 SP1 x86_64) (WARNING: The server did not provide any stacktrace information)
Command duration or timeout: 910.51 seconds
Build info: version: &apos;2.45.0&apos;, revision: &apos;5017cb8&apos;, time: &apos;2015-02-26 23:59:50&apos;
System info: host: &apos;CCONYC18QAD&apos;, ip: &apos;10.88.189.52&apos;, os.name: &apos;Windows 7&apos;, os.arch: &apos;amd64&apos;, os.version: &apos;6.1&apos;, java.version: &apos;1.8.0_40&apos;
Driver info: org.openqa.selenium.chrome.ChromeDriver
Capabilities [{applicationCacheEnabled=false, rotatable=false, mobileEmulationEnabled=false, chrome={userDataDir=C:\Users\1111128\AppData\Local\Temp\scoped_dir31232_14136}, takesHeapSnapshot=true, databaseEnabled=false, handlesAlerts=true, version=43.0.2357.134, platform=XP, browserConnectionEnabled=false, nativeEvents=true, acceptSslCerts=true, locationContextEnabled=true, webStorageEnabled=true, browserName=chrome, takesScreenshot=true, javascriptEnabled=true, cssSelectorsEnabled=true}]
Session ID: e0caf511f4c00cce6f9b7865ad60ee23
	at java.lang.reflect.Constructor.newInstance(Constructor.java:422)
	at org.openqa.selenium.remote.ErrorHandler.createThrowable(ErrorHandler.java:204)
	at org.openqa.selenium.remote.ErrorHandler.throwIfResponseFailed(ErrorHandler.java:156)
	at org.openqa.selenium.remote.RemoteWebDriver.execute(RemoteWebDriver.java:599)
	at org.openqa.selenium.remote.RemoteWebDriver.get(RemoteWebDriver.java:304)
	at com.iheart.selenium.web_sanity.Utils.launchBrowser(Utils.java:273)
	at com.iheart.junit.web_sanity.RunDailyTest.init(RunDailyTest.java:46)
</error>

      </testcase>

      <testcase classname="com.iheart.junit.web_sanity.RunDailyTest" name="testWEB_11774_filterPodAfterLogin" time="912.668">
          <error message="timeout: Timed out receiving message from renderer: 10.000&#xa;  (Session info: chrome=43.0.2357.134)&#xa;  (Driver info: chromedriver=2.14.313457 (3d645c400edf2e2c500566c9aa096063e707c9cf),platform=Windows NT 6.1 SP1 x86_64) (WARNING: The server did not provide any stacktrace information)&#xa;Command duration or timeout: 910.50 seconds&#xa;Build info: version: &apos;2.45.0&apos;, revision: &apos;5017cb8&apos;, time: &apos;2015-02-26 23:59:50&apos;&#xa;System info: host: &apos;CCONYC18QAD&apos;, ip: &apos;10.88.189.52&apos;, os.name: &apos;Windows 7&apos;, os.arch: &apos;amd64&apos;, os.version: &apos;6.1&apos;, java.version: &apos;1.8.0_40&apos;&#xa;Driver info: org.openqa.selenium.chrome.ChromeDriver&#xa;Capabilities [{applicationCacheEnabled=false, rotatable=false, mobileEmulationEnabled=false, chrome={userDataDir=C:\Users\1111128\AppData\Local\Temp\scoped_dir30024_25390}, takesHeapSnapshot=true, databaseEnabled=false, handlesAlerts=true, version=43.0.2357.134, platform=XP, browserConnectionEnabled=false, nativeEvents=true, acceptSslCerts=true, locationContextEnabled=true, webStorageEnabled=true, browserName=chrome, takesScreenshot=true, javascriptEnabled=true, cssSelectorsEnabled=true}]&#xa;Session ID: e6527d8a3074f9296ecc9464dfbba88d" type="org.openqa.selenium.TimeoutException">org.openqa.selenium.TimeoutException: timeout: Timed out receiving message from renderer: 10.000
  (Session info: chrome=43.0.2357.134)
  (Driver info: chromedriver=2.14.313457 (3d645c400edf2e2c500566c9aa096063e707c9cf),platform=Windows NT 6.1 SP1 x86_64) (WARNING: The server did not provide any stacktrace information)
Command duration or timeout: 910.50 seconds
Build info: version: &apos;2.45.0&apos;, revision: &apos;5017cb8&apos;, time: &apos;2015-02-26 23:59:50&apos;
System info: host: &apos;CCONYC18QAD&apos;, ip: &apos;10.88.189.52&apos;, os.name: &apos;Windows 7&apos;, os.arch: &apos;amd64&apos;, os.version: &apos;6.1&apos;, java.version: &apos;1.8.0_40&apos;
Driver info: org.openqa.selenium.chrome.ChromeDriver
Capabilities [{applicationCacheEnabled=false, rotatable=false, mobileEmulationEnabled=false, chrome={userDataDir=C:\Users\1111128\AppData\Local\Temp\scoped_dir30024_25390}, takesHeapSnapshot=true, databaseEnabled=false, handlesAlerts=true, version=43.0.2357.134, platform=XP, browserConnectionEnabled=false, nativeEvents=true, acceptSslCerts=true, locationContextEnabled=true, webStorageEnabled=true, browserName=chrome, takesScreenshot=true, javascriptEnabled=true, cssSelectorsEnabled=true}]
Session ID: e6527d8a3074f9296ecc9464dfbba88d
	at java.lang.reflect.Constructor.newInstance(Constructor.java:422)
	at org.openqa.selenium.remote.ErrorHandler.createThrowable(ErrorHandler.java:204)
	at org.openqa.selenium.remote.ErrorHandler.throwIfResponseFailed(ErrorHandler.java:156)
	at org.openqa.selenium.remote.RemoteWebDriver.execute(RemoteWebDriver.java:599)
	at org.openqa.selenium.remote.RemoteWebDriver.get(RemoteWebDriver.java:304)
	at com.iheart.selenium.web_sanity.Utils.launchBrowser(Utils.java:273)
	at com.iheart.junit.web_sanity.RunDailyTest.init(RunDailyTest.java:46)
</error>

      </testcase>

      <system-out><![CDATA[]]></system-out>

      <system-err><![CDATA[Starting ChromeDriver 2.14.313457 (3d645c400edf2e2c500566c9aa096063e707c9cf) on port 16024
Only local connections are allowed.
[302.415][SEVERE]: Timed out receiving message from renderer: 298.742
[902.417][SEVERE]: Timed out receiving message from renderer: 600.000
[912.417][SEVERE]: Timed out receiving message from renderer: 10.000
Starting ChromeDriver 2.14.313457 (3d645c400edf2e2c500566c9aa096063e707c9cf) on port 10198
Only local connections are allowed.
[301.851][SEVERE]: Timed out receiving message from renderer: 298.413
[901.853][SEVERE]: Timed out receiving message from renderer: 600.000
[911.854][SEVERE]: Timed out receiving message from renderer: 10.000
Starting ChromeDriver 2.14.313457 (3d645c400edf2e2c500566c9aa096063e707c9cf) on port 19447
Only local connections are allowed.
[302.205][SEVERE]: Timed out receiving message from renderer: 298.789
[902.207][SEVERE]: Timed out receiving message from renderer: 600.000
[912.207][SEVERE]: Timed out receiving message from renderer: 10.000
Starting ChromeDriver 2.14.313457 (3d645c400edf2e2c500566c9aa096063e707c9cf) on port 41822
Only local connections are allowed.
[302.102][SEVERE]: Timed out receiving message from renderer: 298.400
[902.103][SEVERE]: Timed out receiving message from renderer: 600.000
[912.103][SEVERE]: Timed out receiving message from renderer: 10.000
Starting ChromeDriver 2.14.313457 (3d645c400edf2e2c500566c9aa096063e707c9cf) on port 34308
Only local connections are allowed.
[302.540][SEVERE]: Timed out receiving message from renderer: 298.735
[902.541][SEVERE]: Timed out receiving message from renderer: 600.000
[912.543][SEVERE]: Timed out receiving message from renderer: 10.000
Starting ChromeDriver 2.14.313457 (3d645c400edf2e2c500566c9aa096063e707c9cf) on port 41484
Only local connections are allowed.
[303.416][SEVERE]: Timed out receiving message from renderer: 297.996
[903.418][SEVERE]: Timed out receiving message from renderer: 600.000
[913.420][SEVERE]: Timed out receiving message from renderer: 10.000
Starting ChromeDriver 2.14.313457 (3d645c400edf2e2c500566c9aa096063e707c9cf) on port 38401
Only local connections are allowed.
[302.914][SEVERE]: Timed out receiving message from renderer: 298.579
[902.916][SEVERE]: Timed out receiving message from renderer: 600.000
[912.917][SEVERE]: Timed out receiving message from renderer: 10.000
Starting ChromeDriver 2.14.313457 (3d645c400edf2e2c500566c9aa096063e707c9cf) on port 20152
Only local connections are allowed.
[302.805][SEVERE]: Timed out receiving message from renderer: 298.771
[902.808][SEVERE]: Timed out receiving message from renderer: 600.000
[912.808][SEVERE]: Timed out receiving message from renderer: 10.000
Starting ChromeDriver 2.14.313457 (3d645c400edf2e2c500566c9aa096063e707c9cf) on port 43267
Only local connections are allowed.
[302.584][SEVERE]: Timed out receiving message from renderer: 298.481
[902.585][SEVERE]: Timed out receiving message from renderer: 600.000
[912.587][SEVERE]: Timed out receiving message from renderer: 10.000
Starting ChromeDriver 2.14.313457 (3d645c400edf2e2c500566c9aa096063e707c9cf) on port 2994
Only local connections are allowed.
[302.834][SEVERE]: Timed out receiving message from renderer: 298.430
[902.836][SEVERE]: Timed out receiving message from renderer: 600.000
[912.836][SEVERE]: Timed out receiving message from renderer: 10.000
Starting ChromeDriver 2.14.313457 (3d645c400edf2e2c500566c9aa096063e707c9cf) on port 21375
Only local connections are allowed.
[302.402][SEVERE]: Timed out receiving message from renderer: 298.282
[902.404][SEVERE]: Timed out receiving message from renderer: 600.000
[912.404][SEVERE]: Timed out receiving message from renderer: 10.000
Starting ChromeDriver 2.14.313457 (3d645c400edf2e2c500566c9aa096063e707c9cf) on port 48895
Only local connections are allowed.
[302.145][SEVERE]: Timed out receiving message from renderer: 298.780
[902.147][SEVERE]: Timed out receiving message from renderer: 600.000
[912.147][SEVERE]: Timed out receiving message from renderer: 10.000
Starting ChromeDriver 2.14.313457 (3d645c400edf2e2c500566c9aa096063e707c9cf) on port 28855
Only local connections are allowed.
[302.683][SEVERE]: Timed out receiving message from renderer: 298.803
[902.684][SEVERE]: Timed out receiving message from renderer: 600.000
[912.685][SEVERE]: Timed out receiving message from renderer: 10.000
Starting ChromeDriver 2.14.313457 (3d645c400edf2e2c500566c9aa096063e707c9cf) on port 20363
Only local connections are allowed.
[302.034][SEVERE]: Timed out receiving message from renderer: 298.653
[902.036][SEVERE]: Timed out receiving message from renderer: 600.000
[912.036][SEVERE]: Timed out receiving message from renderer: 10.000
Starting ChromeDriver 2.14.313457 (3d645c400edf2e2c500566c9aa096063e707c9cf) on port 15355
Only local connections are allowed.
[303.073][SEVERE]: Timed out receiving message from renderer: 298.792
[903.075][SEVERE]: Timed out receiving message from renderer: 600.000
[913.075][SEVERE]: Timed out receiving message from renderer: 10.000
Starting ChromeDriver 2.14.313457 (3d645c400edf2e2c500566c9aa096063e707c9cf) on port 3376
Only local connections are allowed.
[302.906][SEVERE]: Timed out receiving message from renderer: 298.375
[902.907][SEVERE]: Timed out receiving message from renderer: 600.000
[912.907][SEVERE]: Timed out receiving message from renderer: 10.000
Starting ChromeDriver 2.14.313457 (3d645c400edf2e2c500566c9aa096063e707c9cf) on port 40969
Only local connections are allowed.
[302.704][SEVERE]: Timed out receiving message from renderer: 298.740
[902.707][SEVERE]: Timed out receiving message from renderer: 600.000
[912.707][SEVERE]: Timed out receiving message from renderer: 10.000
Starting ChromeDriver 2.14.313457 (3d645c400edf2e2c500566c9aa096063e707c9cf) on port 7301
Only local connections are allowed.
[302.481][SEVERE]: Timed out receiving message from renderer: 298.549
[902.484][SEVERE]: Timed out receiving message from renderer: 600.000
[912.485][SEVERE]: Timed out receiving message from renderer: 10.000
Starting ChromeDriver 2.14.313457 (3d645c400edf2e2c500566c9aa096063e707c9cf) on port 6104
Only local connections are allowed.
[302.360][SEVERE]: Timed out receiving message from renderer: 298.498
[902.361][SEVERE]: Timed out receiving message from renderer: 600.000
[912.362][SEVERE]: Timed out receiving message from renderer: 10.000
Starting ChromeDriver 2.14.313457 (3d645c400edf2e2c500566c9aa096063e707c9cf) on port 24440
Only local connections are allowed.
[302.148][SEVERE]: Timed out receiving message from renderer: 298.780
[902.149][SEVERE]: Timed out receiving message from renderer: 600.000
[912.149][SEVERE]: Timed out receiving message from renderer: 10.000
Starting ChromeDriver 2.14.313457 (3d645c400edf2e2c500566c9aa096063e707c9cf) on port 30815
Only local connections are allowed.
[302.450][SEVERE]: Timed out receiving message from renderer: 298.484
[902.453][SEVERE]: Timed out receiving message from renderer: 600.000
[912.453][SEVERE]: Timed out receiving message from renderer: 10.000
]]></system-err>

  </testsuite>
</testsuites>
